TN:
SF:src/modules/tags/usecases/createTag/CreateTagController.ts
FN:1,(empty-report)
FNF:1
FNH:0
FNDA:0,(empty-report)
DA:1,0
DA:2,0
DA:3,0
DA:4,0
DA:5,0
DA:6,0
DA:7,0
DA:8,0
DA:9,0
DA:10,0
DA:11,0
DA:12,0
DA:13,0
DA:14,0
DA:15,0
DA:16,0
LF:16
LH:0
BRDA:1,0,0,0
BRF:1
BRH:0
end_of_record
TN:
SF:src/modules/tags/usecases/createTag/CreateTagUseCase.ts
FN:10,CreateTagUseCase
FN:15,Object.<anonymous>.CreateTagUseCase.execute
FNF:2
FNH:2
FNDA:2,CreateTagUseCase
FNDA:3,Object.<anonymous>.CreateTagUseCase.execute
DA:1,1
DA:2,1
DA:3,1
DA:4,1
DA:5,1
DA:6,1
DA:7,1
DA:8,1
DA:9,1
DA:10,1
DA:11,2
DA:12,2
DA:13,2
DA:14,1
DA:15,1
DA:16,3
DA:17,3
DA:18,3
DA:19,1
DA:20,1
DA:21,2
DA:22,2
DA:23,3
DA:24,3
DA:25,3
DA:26,1
LF:26
LH:26
BRDA:9,0,0,1
BRDA:10,1,0,2
BRDA:15,2,0,3
BRDA:16,3,0,3
BRDA:18,4,0,1
BRDA:21,5,0,2
BRF:6
BRH:6
end_of_record
TN:
SF:src/modules/users/usecases/createUser/CreateUserController.ts
FN:1,(empty-report)
FNF:1
FNH:0
FNDA:0,(empty-report)
DA:1,0
DA:2,0
DA:3,0
DA:4,0
DA:5,0
DA:6,0
DA:7,0
DA:8,0
DA:9,0
DA:10,0
DA:11,0
DA:12,0
DA:13,0
DA:14,0
DA:15,0
LF:15
LH:0
BRDA:1,0,0,0
BRF:1
BRH:0
end_of_record
TN:
SF:src/modules/users/usecases/createUser/CreateUserUseCase.ts
FN:10,CreateUserUseCase
FN:15,Object.<anonymous>.CreateUserUseCase.execute
FNF:2
FNH:2
FNDA:2,CreateUserUseCase
FNDA:3,Object.<anonymous>.CreateUserUseCase.execute
DA:1,1
DA:2,1
DA:3,1
DA:4,1
DA:5,1
DA:6,1
DA:7,1
DA:8,1
DA:9,1
DA:10,1
DA:11,2
DA:12,2
DA:13,2
DA:14,1
DA:15,1
DA:16,3
DA:17,3
DA:18,3
DA:19,1
DA:20,1
DA:21,2
DA:22,2
DA:23,3
DA:24,3
DA:25,3
DA:26,1
LF:26
LH:26
BRDA:9,0,0,1
BRDA:10,1,0,2
BRDA:15,2,0,3
BRDA:16,3,0,3
BRDA:18,4,0,1
BRDA:21,5,0,2
BRF:6
BRH:6
end_of_record
