TN:
SF:src/modules/compliments/usecases/createCompliment/CreateComplimentController.ts
FN:1,(empty-report)
FNF:1
FNH:0
FNDA:0,(empty-report)
DA:1,0
DA:2,0
DA:3,0
DA:4,0
DA:5,0
DA:6,0
DA:7,0
DA:8,0
DA:9,0
DA:10,0
DA:11,0
DA:12,0
DA:13,0
DA:14,0
DA:15,0
DA:16,0
DA:17,0
DA:18,0
DA:19,0
DA:20,0
DA:21,0
DA:22,0
LF:22
LH:0
BRDA:1,0,0,0
BRF:1
BRH:0
end_of_record
TN:
SF:src/modules/compliments/usecases/createCompliment/CreateComplimentUseCase.ts
FN:11,CreateComplimentUseCase
FN:19,Object.<anonymous>.CreateComplimentUseCase.execute
FNF:2
FNH:2
FNDA:5,CreateComplimentUseCase
FNDA:7,Object.<anonymous>.CreateComplimentUseCase.execute
DA:1,1
DA:2,1
DA:3,1
DA:4,1
DA:5,1
DA:6,1
DA:7,1
DA:8,1
DA:9,1
DA:10,3
DA:11,3
DA:12,5
DA:13,5
DA:14,5
DA:15,5
DA:16,5
DA:17,5
DA:18,3
DA:19,3
DA:20,7
DA:21,7
DA:22,7
DA:23,7
DA:24,7
DA:25,7
DA:26,7
DA:27,7
DA:28,7
DA:29,7
DA:30,1
DA:31,1
DA:32,6
DA:33,7
DA:34,1
DA:35,1
DA:36,5
DA:37,5
DA:38,5
DA:39,5
DA:40,5
DA:41,5
DA:42,5
DA:43,7
DA:44,7
DA:45,7
DA:46,3
LF:46
LH:46
BRDA:10,0,0,3
BRDA:11,1,0,5
BRDA:19,2,0,7
BRDA:25,3,0,7
BRDA:29,4,0,1
BRDA:32,5,0,6
BRDA:33,6,0,5
BRDA:33,7,0,1
BRF:8
BRH:8
end_of_record
TN:
SF:src/modules/compliments/usecases/listReceivedUserCompliments/ListReceivedUserComplimentsController.ts
FN:1,(empty-report)
FNF:1
FNH:0
FNDA:0,(empty-report)
DA:1,0
DA:2,0
DA:3,0
DA:4,0
DA:5,0
DA:6,0
DA:7,0
DA:8,0
DA:9,0
DA:10,0
DA:11,0
DA:12,0
DA:13,0
DA:14,0
DA:15,0
DA:16,0
DA:17,0
DA:18,0
LF:18
LH:0
BRDA:1,0,0,0
BRF:1
BRH:0
end_of_record
TN:
SF:src/modules/compliments/usecases/listReceivedUserCompliments/ListReceivedUserComplimentsUseCase.ts
FN:7,ListReceivedUserComplimentsUseCase
FN:12,Object.<anonymous>.ListReceivedUserComplimentsUseCase.execute
FNF:2
FNH:2
FNDA:1,ListReceivedUserComplimentsUseCase
FNDA:1,Object.<anonymous>.ListReceivedUserComplimentsUseCase.execute
DA:1,1
DA:2,1
DA:3,1
DA:4,1
DA:5,1
DA:6,1
DA:7,1
DA:8,1
DA:9,1
DA:10,1
DA:11,1
DA:12,1
DA:13,1
DA:14,1
DA:15,1
DA:16,1
DA:17,1
LF:17
LH:17
BRDA:6,0,0,1
BRDA:7,1,0,1
BRDA:12,2,0,1
BRDA:13,3,0,1
BRF:4
BRH:4
end_of_record
TN:
SF:src/modules/compliments/usecases/listSendedUserCompliments/ListSendedUserComplimentsController.ts
FN:1,(empty-report)
FNF:1
FNH:0
FNDA:0,(empty-report)
DA:1,0
DA:2,0
DA:3,0
DA:4,0
DA:5,0
DA:6,0
DA:7,0
DA:8,0
DA:9,0
DA:10,0
DA:11,0
DA:12,0
DA:13,0
DA:14,0
DA:15,0
DA:16,0
DA:17,0
DA:18,0
LF:18
LH:0
BRDA:1,0,0,0
BRF:1
BRH:0
end_of_record
TN:
SF:src/modules/compliments/usecases/listSendedUserCompliments/ListSendedUserComplimentsUseCase.ts
FN:7,ListSendedUserComplimentsUseCase
FN:12,Object.<anonymous>.ListSendedUserComplimentsUseCase.execute
FNF:2
FNH:2
FNDA:1,ListSendedUserComplimentsUseCase
FNDA:1,Object.<anonymous>.ListSendedUserComplimentsUseCase.execute
DA:1,1
DA:2,1
DA:3,1
DA:4,1
DA:5,1
DA:6,1
DA:7,1
DA:8,1
DA:9,1
DA:10,1
DA:11,1
DA:12,1
DA:13,1
DA:14,1
DA:15,1
DA:16,1
DA:17,1
LF:17
LH:17
BRDA:6,0,0,1
BRDA:7,1,0,1
BRDA:12,2,0,1
BRDA:13,3,0,1
BRF:4
BRH:4
end_of_record
TN:
SF:src/modules/tags/usecases/createTag/CreateTagController.ts
FN:1,(empty-report)
FNF:1
FNH:0
FNDA:0,(empty-report)
DA:1,0
DA:2,0
DA:3,0
DA:4,0
DA:5,0
DA:6,0
DA:7,0
DA:8,0
DA:9,0
DA:10,0
DA:11,0
DA:12,0
DA:13,0
DA:14,0
DA:15,0
DA:16,0
LF:16
LH:0
BRDA:1,0,0,0
BRF:1
BRH:0
end_of_record
TN:
SF:src/modules/tags/usecases/createTag/CreateTagUseCase.ts
FN:10,CreateTagUseCase
FN:15,Object.<anonymous>.CreateTagUseCase.execute
FNF:2
FNH:2
FNDA:6,CreateTagUseCase
FNDA:9,Object.<anonymous>.CreateTagUseCase.execute
DA:1,1
DA:2,1
DA:3,1
DA:4,1
DA:5,1
DA:6,1
DA:7,1
DA:8,1
DA:9,3
DA:10,3
DA:11,6
DA:12,6
DA:13,6
DA:14,3
DA:15,3
DA:16,9
DA:17,9
DA:18,9
DA:19,1
DA:20,1
DA:21,8
DA:22,8
DA:23,9
DA:24,9
DA:25,9
DA:26,3
LF:26
LH:26
BRDA:9,0,0,3
BRDA:10,1,0,6
BRDA:15,2,0,9
BRDA:16,3,0,9
BRDA:18,4,0,1
BRDA:21,5,0,8
BRF:6
BRH:6
end_of_record
TN:
SF:src/modules/tags/usecases/listTags/ListTagsController.ts
FN:1,(empty-report)
FNF:1
FNH:0
FNDA:0,(empty-report)
DA:1,0
DA:2,0
DA:3,0
DA:4,0
DA:5,0
DA:6,0
DA:7,0
DA:8,0
DA:9,0
DA:10,0
DA:11,0
DA:12,0
DA:13,0
DA:14,0
DA:15,0
LF:15
LH:0
BRDA:1,0,0,0
BRF:1
BRH:0
end_of_record
TN:
SF:src/modules/tags/usecases/listTags/ListTagsUseCase.ts
FN:7,ListTagsUseCase
FN:12,Object.<anonymous>.ListTagsUseCase.execute
FNF:2
FNH:2
FNDA:1,ListTagsUseCase
FNDA:1,Object.<anonymous>.ListTagsUseCase.execute
DA:1,1
DA:2,1
DA:3,1
DA:4,1
DA:5,1
DA:6,1
DA:7,1
DA:8,1
DA:9,1
DA:10,1
DA:11,1
DA:12,1
DA:13,1
DA:14,1
DA:15,1
DA:16,1
DA:17,1
LF:17
LH:17
BRDA:6,0,0,1
BRDA:7,1,0,1
BRDA:12,2,0,1
BRDA:13,3,0,1
BRF:4
BRH:4
end_of_record
TN:
SF:src/modules/users/usecases/authenticateUser/AuthenticateUserController.ts
FN:1,(empty-report)
FNF:1
FNH:0
FNDA:0,(empty-report)
DA:1,0
DA:2,0
DA:3,0
DA:4,0
DA:5,0
DA:6,0
DA:7,0
DA:8,0
DA:9,0
DA:10,0
DA:11,0
DA:12,0
DA:13,0
DA:14,0
DA:15,0
DA:16,0
DA:17,0
DA:18,0
DA:19,0
LF:19
LH:0
BRDA:1,0,0,0
BRF:1
BRH:0
end_of_record
TN:
SF:src/modules/users/usecases/authenticateUser/AuthenticateUserUseCase.ts
FN:13,AuthenticateUserUseCase
FN:18,Object.<anonymous>.AuthenticateUserUseCase.execute
FNF:2
FNH:2
FNDA:3,AuthenticateUserUseCase
FNDA:3,Object.<anonymous>.AuthenticateUserUseCase.execute
DA:1,1
DA:2,1
DA:3,1
DA:4,1
DA:5,1
DA:6,1
DA:7,1
DA:8,1
DA:9,1
DA:10,1
DA:11,1
DA:12,1
DA:13,1
DA:14,3
DA:15,3
DA:16,3
DA:17,1
DA:18,1
DA:19,3
DA:20,3
DA:21,3
DA:22,3
DA:23,3
DA:24,3
DA:25,2
DA:26,2
DA:27,3
DA:28,3
DA:29,1
DA:30,1
DA:31,1
DA:32,1
DA:33,1
DA:34,1
DA:35,1
DA:36,3
DA:37,1
LF:37
LH:37
BRDA:12,0,0,1
BRDA:13,1,0,3
BRDA:18,2,0,3
BRDA:22,3,0,3
BRDA:24,4,0,1
BRDA:25,5,0,2
BRDA:28,6,0,1
BRF:7
BRH:7
end_of_record
TN:
SF:src/modules/users/usecases/createUser/CreateUserController.ts
FN:1,(empty-report)
FNF:1
FNH:0
FNDA:0,(empty-report)
DA:1,0
DA:2,0
DA:3,0
DA:4,0
DA:5,0
DA:6,0
DA:7,0
DA:8,0
DA:9,0
DA:10,0
DA:11,0
DA:12,0
DA:13,0
DA:14,0
DA:15,0
DA:16,0
DA:17,0
DA:18,0
DA:19,0
DA:20,0
DA:21,0
LF:21
LH:0
BRDA:1,0,0,0
BRF:1
BRH:0
end_of_record
TN:
SF:src/modules/users/usecases/createUser/CreateUserUseCase.ts
FN:11,CreateUserUseCase
FN:16,Object.<anonymous>.CreateUserUseCase.execute
FNF:2
FNH:2
FNDA:8,CreateUserUseCase
FNDA:10,Object.<anonymous>.CreateUserUseCase.execute
DA:1,1
DA:2,1
DA:3,1
DA:4,1
DA:5,1
DA:6,1
DA:7,1
DA:8,1
DA:9,1
DA:10,3
DA:11,3
DA:12,8
DA:13,8
DA:14,8
DA:15,3
DA:16,3
DA:17,10
DA:18,10
DA:19,10
DA:20,10
DA:21,10
DA:22,10
DA:23,10
DA:24,10
DA:25,1
DA:26,1
DA:27,9
DA:28,9
DA:29,10
DA:30,10
DA:31,10
DA:32,10
DA:33,10
DA:34,10
DA:35,10
DA:36,10
DA:37,10
DA:38,10
DA:39,3
LF:39
LH:39
BRDA:10,0,0,3
BRDA:11,1,0,8
BRDA:16,2,0,10
BRDA:22,3,0,10
BRDA:24,4,0,1
BRDA:27,5,0,9
BRF:6
BRH:6
end_of_record
TN:
SF:src/modules/users/usecases/listUsers/ListUsersController.ts
FN:1,(empty-report)
FNF:1
FNH:0
FNDA:0,(empty-report)
DA:1,0
DA:2,0
DA:3,0
DA:4,0
DA:5,0
DA:6,0
DA:7,0
DA:8,0
DA:9,0
DA:10,0
DA:11,0
DA:12,0
LF:12
LH:0
BRDA:1,0,0,0
BRF:1
BRH:0
end_of_record
TN:
SF:src/modules/users/usecases/listUsers/ListUsersUseCase.ts
FN:7,ListUsersUseCase
FN:12,Object.<anonymous>.ListUsersUseCase.execute
FNF:2
FNH:2
FNDA:1,ListUsersUseCase
FNDA:1,Object.<anonymous>.ListUsersUseCase.execute
DA:1,1
DA:2,1
DA:3,1
DA:4,1
DA:5,1
DA:6,1
DA:7,1
DA:8,1
DA:9,1
DA:10,1
DA:11,1
DA:12,1
DA:13,1
DA:14,1
DA:15,1
LF:15
LH:15
BRDA:6,0,0,1
BRDA:7,1,0,1
BRDA:12,2,0,1
BRF:3
BRH:3
end_of_record
